2021-12-07 13:53:07 - INFO - Log Writer process successfully completed
2021-12-07 13:53:39 - INFO - Log Writer process successfully completed
2021-12-07 13:55:43 - INFO - Log Writer process successfully completed
2021-12-07 13:56:19 - INFO - Log Writer process successfully completed
2021-12-07 13:57:16 - INFO - Log Writer process successfully completed
2021-12-07 13:58:12 - INFO - Log Writer process successfully completed
2021-12-07 13:58:12 - DEBUG - writing data to test_data/addition.csv..
Filename:test_data/addition.csv -Record Number:1 - Value1:1, Operation:+, Value2:2 - Result:3
2021-12-07 13:58:12 - DEBUG - writing data to test_data/addition.csv..
Filename:test_data/addition.csv -Record Number:2 - Value1:2, Operation:+, Value2:3 - Result:5
2021-12-07 13:58:12 - DEBUG - writing data to test_data/addition.csv..
Filename:test_data/addition.csv -Record Number:3 - Value1:3, Operation:+, Value2:4 - Result:7
2021-12-07 13:58:12 - DEBUG - writing data to test_data/addition.csv..
Filename:test_data/addition.csv -Record Number:4 - Value1:4, Operation:+, Value2:5 - Result:9
2021-12-07 13:58:12 - DEBUG - writing data to test_data/addition.csv..
Filename:test_data/addition.csv -Record Number:5 - Value1:5, Operation:+, Value2:6 - Result:11
2021-12-07 13:58:12 - DEBUG - writing data to test_data/addition.csv..
Filename:test_data/addition.csv -Record Number:6 - Value1:6, Operation:+, Value2:7 - Result:13
2021-12-07 13:58:12 - DEBUG - writing data to test_data/addition.csv..
Filename:test_data/addition.csv -Record Number:7 - Value1:7, Operation:+, Value2:8 - Result:15
2021-12-07 13:58:12 - DEBUG - writing data to test_data/addition.csv..
Filename:test_data/addition.csv -Record Number:8 - Value1:8, Operation:+, Value2:9 - Result:17
2021-12-07 13:58:12 - DEBUG - writing data to test_data/addition.csv..
Filename:test_data/addition.csv -Record Number:9 - Value1:9, Operation:+, Value2:10 - Result:19
2021-12-07 13:58:12 - DEBUG - writing data to test_data/addition.csv..
Filename:test_data/addition.csv -Record Number:10 - Value1:10, Operation:+, Value2:11 - Result:21
2021-12-07 13:58:12 - DEBUG - writing data to test_data/addition.csv..
Filename:test_data/addition.csv -Record Number:11 - Value1:11, Operation:+, Value2:12 - Result:23
2021-12-07 13:58:12 - DEBUG - writing data to test_data/addition.csv..
Filename:test_data/addition.csv -Record Number:12 - Value1:12, Operation:+, Value2:13 - Result:25
2021-12-07 13:58:12 - DEBUG - writing data to test_data/addition.csv..
Filename:test_data/addition.csv -Record Number:13 - Value1:13, Operation:+, Value2:14 - Result:27
2021-12-07 13:58:12 - DEBUG - writing data to test_data/division.csv..
Filename:test_data/division.csv -Record Number:1 - Value1:2.0, Operation:+, Value2:1.0 - Result:0.5
2021-12-07 13:58:12 - DEBUG - writing data to test_data/division.csv..
Filename:test_data/division.csv -Record Number:2 - Value1:2.0, Operation:+, Value2:4.0 - Result:2.0
2021-12-07 13:58:12 - DEBUG - writing data to test_data/division.csv..
Filename:test_data/division.csv -Record Number:3 - Value1:2.0, Operation:+, Value2:6.0 - Result:3.0
2021-12-07 13:58:12 - DEBUG - writing data to test_data/division.csv..
Filename:test_data/division.csv -Record Number:4 - Value1:2.0, Operation:+, Value2:12.0 - Result:6.0
2021-12-07 13:58:12 - DEBUG - writing data to test_data/division.csv..
Filename:test_data/division.csv -Record Number:5 - Value1:6.0, Operation:+, Value2:36.0 - Result:6.0
2021-12-07 13:58:12 - DEBUG - writing data to test_data/division.csv..
Filename:test_data/division.csv -Record Number:6 - Value1:0.0, Operation:+, Value2:1.0 - Result:0.0
2021-12-07 13:58:12 - DEBUG - writing data to test_data/multiply.csv..
Filename:test_data/multiply.csv -Record Number:1 - Value1:1, Operation:+, Value2:2 - Result:2
2021-12-07 13:58:12 - DEBUG - writing data to test_data/multiply.csv..
Filename:test_data/multiply.csv -Record Number:2 - Value1:2, Operation:+, Value2:3 - Result:6
2021-12-07 13:58:12 - DEBUG - writing data to test_data/multiply.csv..
Filename:test_data/multiply.csv -Record Number:3 - Value1:3, Operation:+, Value2:4 - Result:12
2021-12-07 13:58:12 - DEBUG - writing data to test_data/multiply.csv..
Filename:test_data/multiply.csv -Record Number:4 - Value1:4, Operation:+, Value2:5 - Result:20
2021-12-07 13:58:12 - DEBUG - writing data to test_data/multiply.csv..
Filename:test_data/multiply.csv -Record Number:5 - Value1:5, Operation:+, Value2:6 - Result:30
2021-12-07 13:58:12 - DEBUG - writing data to test_data/multiply.csv..
Filename:test_data/multiply.csv -Record Number:6 - Value1:6, Operation:+, Value2:7 - Result:42
2021-12-07 13:58:12 - DEBUG - writing data to test_data/subtraction.csv..
Filename:test_data/subtraction.csv -Record Number:1 - Value1:1, Operation:+, Value2:2 - Result:-3
2021-12-07 13:58:12 - DEBUG - writing data to test_data/subtraction.csv..
Filename:test_data/subtraction.csv -Record Number:2 - Value1:2, Operation:+, Value2:3 - Result:-5
2021-12-07 13:58:12 - DEBUG - writing data to test_data/subtraction.csv..
Filename:test_data/subtraction.csv -Record Number:3 - Value1:3, Operation:+, Value2:4 - Result:-7
2021-12-07 13:58:12 - DEBUG - writing data to test_data/subtraction.csv..
Filename:test_data/subtraction.csv -Record Number:4 - Value1:4, Operation:+, Value2:5 - Result:-9
2021-12-07 13:58:12 - DEBUG - writing data to test_data/subtraction.csv..
Filename:test_data/subtraction.csv -Record Number:5 - Value1:5, Operation:+, Value2:6 - Result:-11
2021-12-07 13:58:12 - DEBUG - writing data to test_data/subtraction.csv..
Filename:test_data/subtraction.csv -Record Number:6 - Value1:6, Operation:+, Value2:7 - Result:-13
2021-12-07 13:58:12 - DEBUG - writing data to test_data/subtraction.csv..
Filename:test_data/subtraction.csv -Record Number:7 - Value1:7, Operation:+, Value2:8 - Result:-15
2021-12-07 13:58:12 - DEBUG - writing data to test_data/subtraction.csv..
Filename:test_data/subtraction.csv -Record Number:8 - Value1:8, Operation:+, Value2:9 - Result:-17
2021-12-07 13:58:12 - DEBUG - writing data to test_data/subtraction.csv..
Filename:test_data/subtraction.csv -Record Number:9 - Value1:9, Operation:+, Value2:10 - Result:-19
2021-12-07 13:58:12 - DEBUG - writing data to test_data/subtraction.csv..
Filename:test_data/subtraction.csv -Record Number:10 - Value1:10, Operation:+, Value2:11 - Result:-21
2021-12-07 13:58:12 - DEBUG - writing data to test_data/subtraction.csv..
Filename:test_data/subtraction.csv -Record Number:11 - Value1:11, Operation:+, Value2:12 - Result:-23
2021-12-07 13:58:12 - DEBUG - writing data to test_data/subtraction.csv..
Filename:test_data/subtraction.csv -Record Number:12 - Value1:12, Operation:+, Value2:13 - Result:-25
2021-12-07 13:58:12 - DEBUG - writing data to test_data/subtraction.csv..
Filename:test_data/subtraction.csv -Record Number:13 - Value1:13, Operation:+, Value2:14 - Result:-27
2021-12-07 13:58:21 - INFO - Log Writer process successfully completed
2021-12-07 13:58:38 - DEBUG - writing data to test_data/addition.csv..
Filename:test_data/addition.csv -Record Number:1 - Value1:1, Operation:+, Value2:2 - Result:3
2021-12-07 13:58:38 - DEBUG - writing data to test_data/addition.csv..
Filename:test_data/addition.csv -Record Number:2 - Value1:2, Operation:+, Value2:3 - Result:5
2021-12-07 13:58:38 - DEBUG - writing data to test_data/addition.csv..
Filename:test_data/addition.csv -Record Number:3 - Value1:3, Operation:+, Value2:4 - Result:7
2021-12-07 13:58:38 - DEBUG - writing data to test_data/addition.csv..
Filename:test_data/addition.csv -Record Number:4 - Value1:4, Operation:+, Value2:5 - Result:9
2021-12-07 13:58:38 - DEBUG - writing data to test_data/addition.csv..
Filename:test_data/addition.csv -Record Number:5 - Value1:5, Operation:+, Value2:6 - Result:11
2021-12-07 13:58:38 - DEBUG - writing data to test_data/addition.csv..
Filename:test_data/addition.csv -Record Number:6 - Value1:6, Operation:+, Value2:7 - Result:13
2021-12-07 13:58:38 - DEBUG - writing data to test_data/addition.csv..
Filename:test_data/addition.csv -Record Number:7 - Value1:7, Operation:+, Value2:8 - Result:15
2021-12-07 13:58:38 - DEBUG - writing data to test_data/addition.csv..
Filename:test_data/addition.csv -Record Number:8 - Value1:8, Operation:+, Value2:9 - Result:17
2021-12-07 13:58:38 - DEBUG - writing data to test_data/addition.csv..
Filename:test_data/addition.csv -Record Number:9 - Value1:9, Operation:+, Value2:10 - Result:19
2021-12-07 13:58:38 - DEBUG - writing data to test_data/addition.csv..
Filename:test_data/addition.csv -Record Number:10 - Value1:10, Operation:+, Value2:11 - Result:21
2021-12-07 13:58:38 - DEBUG - writing data to test_data/addition.csv..
Filename:test_data/addition.csv -Record Number:11 - Value1:11, Operation:+, Value2:12 - Result:23
2021-12-07 13:58:38 - DEBUG - writing data to test_data/addition.csv..
Filename:test_data/addition.csv -Record Number:12 - Value1:12, Operation:+, Value2:13 - Result:25
2021-12-07 13:58:38 - DEBUG - writing data to test_data/addition.csv..
Filename:test_data/addition.csv -Record Number:13 - Value1:13, Operation:+, Value2:14 - Result:27
2021-12-07 13:58:38 - DEBUG - writing data to test_data/division.csv..
Filename:test_data/division.csv -Record Number:1 - Value1:2.0, Operation:+, Value2:1.0 - Result:0.5
2021-12-07 13:58:38 - DEBUG - writing data to test_data/division.csv..
Filename:test_data/division.csv -Record Number:2 - Value1:2.0, Operation:+, Value2:4.0 - Result:2.0
2021-12-07 13:58:38 - DEBUG - writing data to test_data/division.csv..
Filename:test_data/division.csv -Record Number:3 - Value1:2.0, Operation:+, Value2:6.0 - Result:3.0
2021-12-07 13:58:38 - DEBUG - writing data to test_data/division.csv..
Filename:test_data/division.csv -Record Number:4 - Value1:2.0, Operation:+, Value2:12.0 - Result:6.0
2021-12-07 13:58:38 - DEBUG - writing data to test_data/division.csv..
Filename:test_data/division.csv -Record Number:5 - Value1:6.0, Operation:+, Value2:36.0 - Result:6.0
2021-12-07 13:58:38 - DEBUG - writing data to test_data/division.csv..
Filename:test_data/division.csv -Record Number:6 - Value1:0.0, Operation:+, Value2:1.0 - Result:0.0
2021-12-07 13:58:38 - DEBUG - writing data to test_data/multiply.csv..
Filename:test_data/multiply.csv -Record Number:1 - Value1:1, Operation:+, Value2:2 - Result:2
2021-12-07 13:58:38 - DEBUG - writing data to test_data/multiply.csv..
Filename:test_data/multiply.csv -Record Number:2 - Value1:2, Operation:+, Value2:3 - Result:6
2021-12-07 13:58:38 - DEBUG - writing data to test_data/multiply.csv..
Filename:test_data/multiply.csv -Record Number:3 - Value1:3, Operation:+, Value2:4 - Result:12
2021-12-07 13:58:38 - DEBUG - writing data to test_data/multiply.csv..
Filename:test_data/multiply.csv -Record Number:4 - Value1:4, Operation:+, Value2:5 - Result:20
2021-12-07 13:58:38 - DEBUG - writing data to test_data/multiply.csv..
Filename:test_data/multiply.csv -Record Number:5 - Value1:5, Operation:+, Value2:6 - Result:30
2021-12-07 13:58:38 - DEBUG - writing data to test_data/multiply.csv..
Filename:test_data/multiply.csv -Record Number:6 - Value1:6, Operation:+, Value2:7 - Result:42
2021-12-07 13:58:38 - DEBUG - writing data to test_data/subtraction.csv..
Filename:test_data/subtraction.csv -Record Number:1 - Value1:1, Operation:+, Value2:2 - Result:-3
2021-12-07 13:58:38 - DEBUG - writing data to test_data/subtraction.csv..
Filename:test_data/subtraction.csv -Record Number:2 - Value1:2, Operation:+, Value2:3 - Result:-5
2021-12-07 13:58:38 - DEBUG - writing data to test_data/subtraction.csv..
Filename:test_data/subtraction.csv -Record Number:3 - Value1:3, Operation:+, Value2:4 - Result:-7
2021-12-07 13:58:38 - DEBUG - writing data to test_data/subtraction.csv..
Filename:test_data/subtraction.csv -Record Number:4 - Value1:4, Operation:+, Value2:5 - Result:-9
2021-12-07 13:58:38 - DEBUG - writing data to test_data/subtraction.csv..
Filename:test_data/subtraction.csv -Record Number:5 - Value1:5, Operation:+, Value2:6 - Result:-11
2021-12-07 13:58:38 - DEBUG - writing data to test_data/subtraction.csv..
Filename:test_data/subtraction.csv -Record Number:6 - Value1:6, Operation:+, Value2:7 - Result:-13
2021-12-07 13:58:38 - DEBUG - writing data to test_data/subtraction.csv..
Filename:test_data/subtraction.csv -Record Number:7 - Value1:7, Operation:+, Value2:8 - Result:-15
2021-12-07 13:58:38 - DEBUG - writing data to test_data/subtraction.csv..
Filename:test_data/subtraction.csv -Record Number:8 - Value1:8, Operation:+, Value2:9 - Result:-17
2021-12-07 13:58:38 - DEBUG - writing data to test_data/subtraction.csv..
Filename:test_data/subtraction.csv -Record Number:9 - Value1:9, Operation:+, Value2:10 - Result:-19
2021-12-07 13:58:38 - DEBUG - writing data to test_data/subtraction.csv..
Filename:test_data/subtraction.csv -Record Number:10 - Value1:10, Operation:+, Value2:11 - Result:-21
2021-12-07 13:58:38 - DEBUG - writing data to test_data/subtraction.csv..
Filename:test_data/subtraction.csv -Record Number:11 - Value1:11, Operation:+, Value2:12 - Result:-23
2021-12-07 13:58:38 - DEBUG - writing data to test_data/subtraction.csv..
Filename:test_data/subtraction.csv -Record Number:12 - Value1:12, Operation:+, Value2:13 - Result:-25
2021-12-07 13:58:38 - DEBUG - writing data to test_data/subtraction.csv..
Filename:test_data/subtraction.csv -Record Number:13 - Value1:13, Operation:+, Value2:14 - Result:-27
